<?xml version="1.0" encoding="UTF-8"?>
<!-- Generated by org.testng.reporters.JUnitXMLReporter -->
<testsuite ignored="0" hostname="DESKTOP-SBPSD0C" failures="0" tests="5" name="Default test" time="31.815" errors="0" timestamp="2023-12-22T06:00:41 EET">
  <testcase classname="AlmosaferWebsite.AlmosaferTestCases" name="GoToWibsite" time="8.421"/>
  <testcase classname="AlmosaferWebsite.AlmosaferTestCases" name="GoToFlightTab" time="0.922"/>
  <testcase classname="AlmosaferWebsite.AlmosaferTestCases" name="FillCities" time="5.274"/>
  <testcase classname="AlmosaferWebsite.AlmosaferTestCases" name="ChooseDates" time="6.439"/>
  <testcase classname="AlmosaferWebsite.AlmosaferTestCases" name="ChooseBusinessClass" time="10.488"/>
</testsuite> <!-- Default test -->
