<?xml version="1.0" encoding="UTF-8"?>
<!-- Generated by org.testng.reporters.JUnitXMLReporter -->
<testsuite ignored="0" hostname="DESKTOP-SBPSD0C" failures="0" tests="5" name="Default test" time="24.18" errors="0" timestamp="2024-01-02T14:41:38 EET">
  <testcase classname="AlmosaferWebsite.AlmosaferTestCases" name="GoToWebsite" time="6.794"/>
  <testcase classname="AlmosaferWebsite.AlmosaferTestCases" name="GoToFlightTab" time="0.236"/>
  <testcase classname="AlmosaferWebsite.AlmosaferTestCases" name="FillCities" time="5.264"/>
  <testcase classname="AlmosaferWebsite.AlmosaferTestCases" name="ChooseDates" time="6.238"/>
  <testcase classname="AlmosaferWebsite.AlmosaferTestCases" name="ChooseBusinessClass" time="5.387"/>
</testsuite> <!-- Default test -->
