<?xml version="1.0" encoding="UTF-8"?>
<testng-results ignored="0" total="1" passed="1" failed="0" skipped="0">
  <reporter-output>
  </reporter-output>
  <suite started-at="2023-12-16T02:45:22 EET" name="Default suite" finished-at="2023-12-16T02:45:32 EET" duration-ms="10180">
    <groups>
    </groups>
    <test started-at="2023-12-16T02:45:22 EET" name="Default test" finished-at="2023-12-16T02:45:32 EET" duration-ms="10180">
      <class name="AlmosaferWebsite.AlmosaferTestCases">
        <test-method is-config="true" signature="Setup()[pri:0, instance:AlmosaferWebsite.AlmosaferTestCases@5357c287]" started-at="2023-12-16T02:45:22 EET" name="Setup" finished-at="2023-12-16T02:45:22 EET" duration-ms="146" status="PASS">
          <reporter-output>
          </reporter-output>
        </test-method> <!-- Setup -->
        <test-method signature="FlightBookingTest()[pri:0, instance:AlmosaferWebsite.AlmosaferTestCases@5357c287]" started-at="2023-12-16T02:45:22 EET" name="FlightBookingTest" finished-at="2023-12-16T02:45:32 EET" duration-ms="9970" status="PASS">
          <reporter-output>
          </reporter-output>
        </test-method> <!-- FlightBookingTest -->
        <test-method is-config="true" signature="PostTesting()[pri:0, instance:AlmosaferWebsite.AlmosaferTestCases@5357c287]" started-at="2023-12-16T02:45:32 EET" name="PostTesting" finished-at="2023-12-16T02:45:32 EET" duration-ms="1" status="PASS">
          <reporter-output>
          </reporter-output>
        </test-method> <!-- PostTesting -->
      </class> <!-- AlmosaferWebsite.AlmosaferTestCases -->
    </test> <!-- Default test -->
  </suite> <!-- Default suite -->
</testng-results>
